c:\users\gunsct\desktop\project\graphics\ybh_engine\ybh_engine\debug\buttongui.obj
c:\users\gunsct\desktop\project\graphics\ybh_engine\ybh_engine\debug\baseapplication.obj
c:\users\gunsct\desktop\project\graphics\ybh_engine\ybh_engine\debug\havok.obj
c:\users\gunsct\desktop\project\graphics\ybh_engine\ybh_engine\debug\physics.obj
c:\users\gunsct\desktop\project\graphics\ybh_engine\ybh_engine\debug\tutorialapplication.obj
c:\users\gunsct\desktop\project\graphics\ybh_engine\ybh_engine\debug\vc110.pdb
c:\users\gunsct\desktop\project\graphics\ybh_engine\ybh_engine\debug\sounds.obj
c:\users\gunsct\desktop\project\graphics\ybh_engine\ybh_engine\debug\luascript.obj
c:\users\gunsct\desktop\project\graphics\ybh_engine\ybh_engine\debug\lua_loader.obj
c:\users\gunsct\desktop\project\graphics\ybh_engine\debug\ybh_engine.ilk
c:\users\gunsct\desktop\project\graphics\ybh_engine\debug\ybh_engine.exe
c:\users\gunsct\desktop\project\graphics\ybh_engine\debug\ybh_engine.pdb
c:\users\gunsct\desktop\project\graphics\ybh_engine\ybh_engine\debug\ybh_engine.ilk
c:\users\gunsct\desktop\project\graphics\ybh_engine\ybh_engine\debug\cl.command.1.tlog
c:\users\gunsct\desktop\project\graphics\ybh_engine\ybh_engine\debug\cl.read.1.tlog
c:\users\gunsct\desktop\project\graphics\ybh_engine\ybh_engine\debug\cl.write.1.tlog
c:\users\gunsct\desktop\project\graphics\ybh_engine\ybh_engine\debug\link-cvtres.read.1.tlog
c:\users\gunsct\desktop\project\graphics\ybh_engine\ybh_engine\debug\link-cvtres.write.1.tlog
c:\users\gunsct\desktop\project\graphics\ybh_engine\ybh_engine\debug\link-rc.read.1.tlog
c:\users\gunsct\desktop\project\graphics\ybh_engine\ybh_engine\debug\link-rc.write.1.tlog
c:\users\gunsct\desktop\project\graphics\ybh_engine\ybh_engine\debug\link.1052-cvtres.read.1.tlog
c:\users\gunsct\desktop\project\graphics\ybh_engine\ybh_engine\debug\link.1052-cvtres.write.1.tlog
c:\users\gunsct\desktop\project\graphics\ybh_engine\ybh_engine\debug\link.1052-rc.read.1.tlog
c:\users\gunsct\desktop\project\graphics\ybh_engine\ybh_engine\debug\link.1052-rc.write.1.tlog
c:\users\gunsct\desktop\project\graphics\ybh_engine\ybh_engine\debug\link.1052.read.1.tlog
c:\users\gunsct\desktop\project\graphics\ybh_engine\ybh_engine\debug\link.1052.write.1.tlog
c:\users\gunsct\desktop\project\graphics\ybh_engine\ybh_engine\debug\link.1084-cvtres.read.1.tlog
c:\users\gunsct\desktop\project\graphics\ybh_engine\ybh_engine\debug\link.1084-cvtres.write.1.tlog
c:\users\gunsct\desktop\project\graphics\ybh_engine\ybh_engine\debug\link.1084-rc.read.1.tlog
c:\users\gunsct\desktop\project\graphics\ybh_engine\ybh_engine\debug\link.1084-rc.write.1.tlog
c:\users\gunsct\desktop\project\graphics\ybh_engine\ybh_engine\debug\link.1084.read.1.tlog
c:\users\gunsct\desktop\project\graphics\ybh_engine\ybh_engine\debug\link.1084.write.1.tlog
c:\users\gunsct\desktop\project\graphics\ybh_engine\ybh_engine\debug\link.1116-cvtres.read.1.tlog
c:\users\gunsct\desktop\project\graphics\ybh_engine\ybh_engine\debug\link.1116-cvtres.write.1.tlog
c:\users\gunsct\desktop\project\graphics\ybh_engine\ybh_engine\debug\link.1116-rc.read.1.tlog
c:\users\gunsct\desktop\project\graphics\ybh_engine\ybh_engine\debug\link.1116-rc.write.1.tlog
c:\users\gunsct\desktop\project\graphics\ybh_engine\ybh_engine\debug\link.1116.read.1.tlog
c:\users\gunsct\desktop\project\graphics\ybh_engine\ybh_engine\debug\link.1116.write.1.tlog
c:\users\gunsct\desktop\project\graphics\ybh_engine\ybh_engine\debug\link.1164-cvtres.read.1.tlog
c:\users\gunsct\desktop\project\graphics\ybh_engine\ybh_engine\debug\link.1164-cvtres.write.1.tlog
c:\users\gunsct\desktop\project\graphics\ybh_engine\ybh_engine\debug\link.1164-rc.read.1.tlog
c:\users\gunsct\desktop\project\graphics\ybh_engine\ybh_engine\debug\link.1164-rc.write.1.tlog
c:\users\gunsct\desktop\project\graphics\ybh_engine\ybh_engine\debug\link.1164.read.1.tlog
c:\users\gunsct\desktop\project\graphics\ybh_engine\ybh_engine\debug\link.1164.read.2.tlog
c:\users\gunsct\desktop\project\graphics\ybh_engine\ybh_engine\debug\link.1164.write.1.tlog
c:\users\gunsct\desktop\project\graphics\ybh_engine\ybh_engine\debug\link.1204-cvtres.read.1.tlog
c:\users\gunsct\desktop\project\graphics\ybh_engine\ybh_engine\debug\link.1204-cvtres.write.1.tlog
c:\users\gunsct\desktop\project\graphics\ybh_engine\ybh_engine\debug\link.1204-rc.read.1.tlog
c:\users\gunsct\desktop\project\graphics\ybh_engine\ybh_engine\debug\link.1204-rc.write.1.tlog
c:\users\gunsct\desktop\project\graphics\ybh_engine\ybh_engine\debug\link.1204.read.1.tlog
c:\users\gunsct\desktop\project\graphics\ybh_engine\ybh_engine\debug\link.1204.read.2.tlog
c:\users\gunsct\desktop\project\graphics\ybh_engine\ybh_engine\debug\link.1204.write.1.tlog
c:\users\gunsct\desktop\project\graphics\ybh_engine\ybh_engine\debug\link.1240-cvtres.read.1.tlog
c:\users\gunsct\desktop\project\graphics\ybh_engine\ybh_engine\debug\link.1240-cvtres.write.1.tlog
c:\users\gunsct\desktop\project\graphics\ybh_engine\ybh_engine\debug\link.1240-rc.read.1.tlog
c:\users\gunsct\desktop\project\graphics\ybh_engine\ybh_engine\debug\link.1240-rc.write.1.tlog
c:\users\gunsct\desktop\project\graphics\ybh_engine\ybh_engine\debug\link.1240.read.1.tlog
c:\users\gunsct\desktop\project\graphics\ybh_engine\ybh_engine\debug\link.1240.read.2.tlog
c:\users\gunsct\desktop\project\graphics\ybh_engine\ybh_engine\debug\link.1240.write.1.tlog
c:\users\gunsct\desktop\project\graphics\ybh_engine\ybh_engine\debug\link.1248-cvtres.read.1.tlog
c:\users\gunsct\desktop\project\graphics\ybh_engine\ybh_engine\debug\link.1248-cvtres.write.1.tlog
c:\users\gunsct\desktop\project\graphics\ybh_engine\ybh_engine\debug\link.1248-rc.read.1.tlog
c:\users\gunsct\desktop\project\graphics\ybh_engine\ybh_engine\debug\link.1248-rc.write.1.tlog
c:\users\gunsct\desktop\project\graphics\ybh_engine\ybh_engine\debug\link.1248.read.1.tlog
c:\users\gunsct\desktop\project\graphics\ybh_engine\ybh_engine\debug\link.1248.write.1.tlog
c:\users\gunsct\desktop\project\graphics\ybh_engine\ybh_engine\debug\link.1348-cvtres.read.1.tlog
c:\users\gunsct\desktop\project\graphics\ybh_engine\ybh_engine\debug\link.1348-cvtres.write.1.tlog
c:\users\gunsct\desktop\project\graphics\ybh_engine\ybh_engine\debug\link.1348-rc.read.1.tlog
c:\users\gunsct\desktop\project\graphics\ybh_engine\ybh_engine\debug\link.1348-rc.write.1.tlog
c:\users\gunsct\desktop\project\graphics\ybh_engine\ybh_engine\debug\link.1348.read.1.tlog
c:\users\gunsct\desktop\project\graphics\ybh_engine\ybh_engine\debug\link.1348.read.2.tlog
c:\users\gunsct\desktop\project\graphics\ybh_engine\ybh_engine\debug\link.1348.write.1.tlog
c:\users\gunsct\desktop\project\graphics\ybh_engine\ybh_engine\debug\link.1440-cvtres.read.1.tlog
c:\users\gunsct\desktop\project\graphics\ybh_engine\ybh_engine\debug\link.1440-cvtres.write.1.tlog
c:\users\gunsct\desktop\project\graphics\ybh_engine\ybh_engine\debug\link.1440-rc.read.1.tlog
c:\users\gunsct\desktop\project\graphics\ybh_engine\ybh_engine\debug\link.1440-rc.write.1.tlog
c:\users\gunsct\desktop\project\graphics\ybh_engine\ybh_engine\debug\link.1440.read.1.tlog
c:\users\gunsct\desktop\project\graphics\ybh_engine\ybh_engine\debug\link.1440.write.1.tlog
c:\users\gunsct\desktop\project\graphics\ybh_engine\ybh_engine\debug\link.1820-cvtres.read.1.tlog
c:\users\gunsct\desktop\project\graphics\ybh_engine\ybh_engine\debug\link.1820-cvtres.write.1.tlog
c:\users\gunsct\desktop\project\graphics\ybh_engine\ybh_engine\debug\link.1820-rc.read.1.tlog
c:\users\gunsct\desktop\project\graphics\ybh_engine\ybh_engine\debug\link.1820-rc.write.1.tlog
c:\users\gunsct\desktop\project\graphics\ybh_engine\ybh_engine\debug\link.1820.read.1.tlog
c:\users\gunsct\desktop\project\graphics\ybh_engine\ybh_engine\debug\link.1820.read.2.tlog
c:\users\gunsct\desktop\project\graphics\ybh_engine\ybh_engine\debug\link.1820.write.1.tlog
c:\users\gunsct\desktop\project\graphics\ybh_engine\ybh_engine\debug\link.1948-cvtres.read.1.tlog
c:\users\gunsct\desktop\project\graphics\ybh_engine\ybh_engine\debug\link.1948-cvtres.write.1.tlog
c:\users\gunsct\desktop\project\graphics\ybh_engine\ybh_engine\debug\link.1948-rc.read.1.tlog
c:\users\gunsct\desktop\project\graphics\ybh_engine\ybh_engine\debug\link.1948-rc.write.1.tlog
c:\users\gunsct\desktop\project\graphics\ybh_engine\ybh_engine\debug\link.1948.read.1.tlog
c:\users\gunsct\desktop\project\graphics\ybh_engine\ybh_engine\debug\link.1948.read.2.tlog
c:\users\gunsct\desktop\project\graphics\ybh_engine\ybh_engine\debug\link.1948.write.1.tlog
c:\users\gunsct\desktop\project\graphics\ybh_engine\ybh_engine\debug\link.1984-cvtres.read.1.tlog
c:\users\gunsct\desktop\project\graphics\ybh_engine\ybh_engine\debug\link.1984-cvtres.write.1.tlog
c:\users\gunsct\desktop\project\graphics\ybh_engine\ybh_engine\debug\link.1984-rc.read.1.tlog
c:\users\gunsct\desktop\project\graphics\ybh_engine\ybh_engine\debug\link.1984-rc.write.1.tlog
c:\users\gunsct\desktop\project\graphics\ybh_engine\ybh_engine\debug\link.1984.read.1.tlog
c:\users\gunsct\desktop\project\graphics\ybh_engine\ybh_engine\debug\link.1984.read.2.tlog
c:\users\gunsct\desktop\project\graphics\ybh_engine\ybh_engine\debug\link.1984.write.1.tlog
c:\users\gunsct\desktop\project\graphics\ybh_engine\ybh_engine\debug\link.2316-cvtres.read.1.tlog
c:\users\gunsct\desktop\project\graphics\ybh_engine\ybh_engine\debug\link.2316-cvtres.write.1.tlog
c:\users\gunsct\desktop\project\graphics\ybh_engine\ybh_engine\debug\link.2316-rc.read.1.tlog
c:\users\gunsct\desktop\project\graphics\ybh_engine\ybh_engine\debug\link.2316-rc.write.1.tlog
c:\users\gunsct\desktop\project\graphics\ybh_engine\ybh_engine\debug\link.2316.read.1.tlog
c:\users\gunsct\desktop\project\graphics\ybh_engine\ybh_engine\debug\link.2316.read.2.tlog
c:\users\gunsct\desktop\project\graphics\ybh_engine\ybh_engine\debug\link.2316.write.1.tlog
c:\users\gunsct\desktop\project\graphics\ybh_engine\ybh_engine\debug\link.2444-cvtres.read.1.tlog
c:\users\gunsct\desktop\project\graphics\ybh_engine\ybh_engine\debug\link.2444-cvtres.write.1.tlog
c:\users\gunsct\desktop\project\graphics\ybh_engine\ybh_engine\debug\link.2444-rc.read.1.tlog
c:\users\gunsct\desktop\project\graphics\ybh_engine\ybh_engine\debug\link.2444-rc.write.1.tlog
c:\users\gunsct\desktop\project\graphics\ybh_engine\ybh_engine\debug\link.2444.read.1.tlog
c:\users\gunsct\desktop\project\graphics\ybh_engine\ybh_engine\debug\link.2444.read.2.tlog
c:\users\gunsct\desktop\project\graphics\ybh_engine\ybh_engine\debug\link.2444.write.1.tlog
c:\users\gunsct\desktop\project\graphics\ybh_engine\ybh_engine\debug\link.2516-cvtres.read.1.tlog
c:\users\gunsct\desktop\project\graphics\ybh_engine\ybh_engine\debug\link.2516-cvtres.write.1.tlog
c:\users\gunsct\desktop\project\graphics\ybh_engine\ybh_engine\debug\link.2516-rc.read.1.tlog
c:\users\gunsct\desktop\project\graphics\ybh_engine\ybh_engine\debug\link.2516-rc.write.1.tlog
c:\users\gunsct\desktop\project\graphics\ybh_engine\ybh_engine\debug\link.2516.read.1.tlog
c:\users\gunsct\desktop\project\graphics\ybh_engine\ybh_engine\debug\link.2516.read.2.tlog
c:\users\gunsct\desktop\project\graphics\ybh_engine\ybh_engine\debug\link.2516.write.1.tlog
c:\users\gunsct\desktop\project\graphics\ybh_engine\ybh_engine\debug\link.2596-cvtres.read.1.tlog
c:\users\gunsct\desktop\project\graphics\ybh_engine\ybh_engine\debug\link.2596-cvtres.write.1.tlog
c:\users\gunsct\desktop\project\graphics\ybh_engine\ybh_engine\debug\link.2596-rc.read.1.tlog
c:\users\gunsct\desktop\project\graphics\ybh_engine\ybh_engine\debug\link.2596-rc.write.1.tlog
c:\users\gunsct\desktop\project\graphics\ybh_engine\ybh_engine\debug\link.2596.read.1.tlog
c:\users\gunsct\desktop\project\graphics\ybh_engine\ybh_engine\debug\link.2596.write.1.tlog
c:\users\gunsct\desktop\project\graphics\ybh_engine\ybh_engine\debug\link.3116-cvtres.read.1.tlog
c:\users\gunsct\desktop\project\graphics\ybh_engine\ybh_engine\debug\link.3116-cvtres.write.1.tlog
c:\users\gunsct\desktop\project\graphics\ybh_engine\ybh_engine\debug\link.3116-rc.read.1.tlog
c:\users\gunsct\desktop\project\graphics\ybh_engine\ybh_engine\debug\link.3116-rc.write.1.tlog
c:\users\gunsct\desktop\project\graphics\ybh_engine\ybh_engine\debug\link.3116.read.1.tlog
c:\users\gunsct\desktop\project\graphics\ybh_engine\ybh_engine\debug\link.3116.read.2.tlog
c:\users\gunsct\desktop\project\graphics\ybh_engine\ybh_engine\debug\link.3116.write.1.tlog
c:\users\gunsct\desktop\project\graphics\ybh_engine\ybh_engine\debug\link.320-cvtres.read.1.tlog
c:\users\gunsct\desktop\project\graphics\ybh_engine\ybh_engine\debug\link.320-cvtres.write.1.tlog
c:\users\gunsct\desktop\project\graphics\ybh_engine\ybh_engine\debug\link.320-rc.read.1.tlog
c:\users\gunsct\desktop\project\graphics\ybh_engine\ybh_engine\debug\link.320-rc.write.1.tlog
c:\users\gunsct\desktop\project\graphics\ybh_engine\ybh_engine\debug\link.320.read.1.tlog
c:\users\gunsct\desktop\project\graphics\ybh_engine\ybh_engine\debug\link.320.write.1.tlog
c:\users\gunsct\desktop\project\graphics\ybh_engine\ybh_engine\debug\link.3468-cvtres.read.1.tlog
c:\users\gunsct\desktop\project\graphics\ybh_engine\ybh_engine\debug\link.3468-cvtres.write.1.tlog
c:\users\gunsct\desktop\project\graphics\ybh_engine\ybh_engine\debug\link.3468-rc.read.1.tlog
c:\users\gunsct\desktop\project\graphics\ybh_engine\ybh_engine\debug\link.3468-rc.write.1.tlog
c:\users\gunsct\desktop\project\graphics\ybh_engine\ybh_engine\debug\link.3468.read.1.tlog
c:\users\gunsct\desktop\project\graphics\ybh_engine\ybh_engine\debug\link.3468.write.1.tlog
c:\users\gunsct\desktop\project\graphics\ybh_engine\ybh_engine\debug\link.3776-cvtres.read.1.tlog
c:\users\gunsct\desktop\project\graphics\ybh_engine\ybh_engine\debug\link.3776-cvtres.write.1.tlog
c:\users\gunsct\desktop\project\graphics\ybh_engine\ybh_engine\debug\link.3776-rc.read.1.tlog
c:\users\gunsct\desktop\project\graphics\ybh_engine\ybh_engine\debug\link.3776-rc.write.1.tlog
c:\users\gunsct\desktop\project\graphics\ybh_engine\ybh_engine\debug\link.3776.read.1.tlog
c:\users\gunsct\desktop\project\graphics\ybh_engine\ybh_engine\debug\link.3776.read.2.tlog
c:\users\gunsct\desktop\project\graphics\ybh_engine\ybh_engine\debug\link.3776.write.1.tlog
c:\users\gunsct\desktop\project\graphics\ybh_engine\ybh_engine\debug\link.3960-cvtres.read.1.tlog
c:\users\gunsct\desktop\project\graphics\ybh_engine\ybh_engine\debug\link.3960-cvtres.write.1.tlog
c:\users\gunsct\desktop\project\graphics\ybh_engine\ybh_engine\debug\link.3960-rc.read.1.tlog
c:\users\gunsct\desktop\project\graphics\ybh_engine\ybh_engine\debug\link.3960-rc.write.1.tlog
c:\users\gunsct\desktop\project\graphics\ybh_engine\ybh_engine\debug\link.3960.read.1.tlog
c:\users\gunsct\desktop\project\graphics\ybh_engine\ybh_engine\debug\link.3960.read.2.tlog
c:\users\gunsct\desktop\project\graphics\ybh_engine\ybh_engine\debug\link.3960.write.1.tlog
c:\users\gunsct\desktop\project\graphics\ybh_engine\ybh_engine\debug\link.4016-cvtres.read.1.tlog
c:\users\gunsct\desktop\project\graphics\ybh_engine\ybh_engine\debug\link.4016-cvtres.write.1.tlog
c:\users\gunsct\desktop\project\graphics\ybh_engine\ybh_engine\debug\link.4016-rc.read.1.tlog
c:\users\gunsct\desktop\project\graphics\ybh_engine\ybh_engine\debug\link.4016-rc.write.1.tlog
c:\users\gunsct\desktop\project\graphics\ybh_engine\ybh_engine\debug\link.4016.read.1.tlog
c:\users\gunsct\desktop\project\graphics\ybh_engine\ybh_engine\debug\link.4016.read.2.tlog
c:\users\gunsct\desktop\project\graphics\ybh_engine\ybh_engine\debug\link.4016.write.1.tlog
c:\users\gunsct\desktop\project\graphics\ybh_engine\ybh_engine\debug\link.4028-cvtres.read.1.tlog
c:\users\gunsct\desktop\project\graphics\ybh_engine\ybh_engine\debug\link.4028-cvtres.write.1.tlog
c:\users\gunsct\desktop\project\graphics\ybh_engine\ybh_engine\debug\link.4028-rc.read.1.tlog
c:\users\gunsct\desktop\project\graphics\ybh_engine\ybh_engine\debug\link.4028-rc.write.1.tlog
c:\users\gunsct\desktop\project\graphics\ybh_engine\ybh_engine\debug\link.4028.read.1.tlog
c:\users\gunsct\desktop\project\graphics\ybh_engine\ybh_engine\debug\link.4028.read.2.tlog
c:\users\gunsct\desktop\project\graphics\ybh_engine\ybh_engine\debug\link.4028.write.1.tlog
c:\users\gunsct\desktop\project\graphics\ybh_engine\ybh_engine\debug\link.4032-cvtres.read.1.tlog
c:\users\gunsct\desktop\project\graphics\ybh_engine\ybh_engine\debug\link.4032-cvtres.write.1.tlog
c:\users\gunsct\desktop\project\graphics\ybh_engine\ybh_engine\debug\link.4032-rc.read.1.tlog
c:\users\gunsct\desktop\project\graphics\ybh_engine\ybh_engine\debug\link.4032-rc.write.1.tlog
c:\users\gunsct\desktop\project\graphics\ybh_engine\ybh_engine\debug\link.4032.read.1.tlog
c:\users\gunsct\desktop\project\graphics\ybh_engine\ybh_engine\debug\link.4032.read.2.tlog
c:\users\gunsct\desktop\project\graphics\ybh_engine\ybh_engine\debug\link.4032.write.1.tlog
c:\users\gunsct\desktop\project\graphics\ybh_engine\ybh_engine\debug\link.4212-cvtres.read.1.tlog
c:\users\gunsct\desktop\project\graphics\ybh_engine\ybh_engine\debug\link.4212-cvtres.write.1.tlog
c:\users\gunsct\desktop\project\graphics\ybh_engine\ybh_engine\debug\link.4212-rc.read.1.tlog
c:\users\gunsct\desktop\project\graphics\ybh_engine\ybh_engine\debug\link.4212-rc.write.1.tlog
c:\users\gunsct\desktop\project\graphics\ybh_engine\ybh_engine\debug\link.4212.read.1.tlog
c:\users\gunsct\desktop\project\graphics\ybh_engine\ybh_engine\debug\link.4212.read.2.tlog
c:\users\gunsct\desktop\project\graphics\ybh_engine\ybh_engine\debug\link.4212.write.1.tlog
c:\users\gunsct\desktop\project\graphics\ybh_engine\ybh_engine\debug\link.4244-cvtres.read.1.tlog
c:\users\gunsct\desktop\project\graphics\ybh_engine\ybh_engine\debug\link.4244-cvtres.write.1.tlog
c:\users\gunsct\desktop\project\graphics\ybh_engine\ybh_engine\debug\link.4244-rc.read.1.tlog
c:\users\gunsct\desktop\project\graphics\ybh_engine\ybh_engine\debug\link.4244-rc.write.1.tlog
c:\users\gunsct\desktop\project\graphics\ybh_engine\ybh_engine\debug\link.4244.read.1.tlog
c:\users\gunsct\desktop\project\graphics\ybh_engine\ybh_engine\debug\link.4244.read.2.tlog
c:\users\gunsct\desktop\project\graphics\ybh_engine\ybh_engine\debug\link.4244.write.1.tlog
c:\users\gunsct\desktop\project\graphics\ybh_engine\ybh_engine\debug\link.4320.read.1.tlog
c:\users\gunsct\desktop\project\graphics\ybh_engine\ybh_engine\debug\link.4320.write.1.tlog
c:\users\gunsct\desktop\project\graphics\ybh_engine\ybh_engine\debug\link.4380-cvtres.read.1.tlog
c:\users\gunsct\desktop\project\graphics\ybh_engine\ybh_engine\debug\link.4380-cvtres.write.1.tlog
c:\users\gunsct\desktop\project\graphics\ybh_engine\ybh_engine\debug\link.4380-rc.read.1.tlog
c:\users\gunsct\desktop\project\graphics\ybh_engine\ybh_engine\debug\link.4380-rc.write.1.tlog
c:\users\gunsct\desktop\project\graphics\ybh_engine\ybh_engine\debug\link.4380.read.1.tlog
c:\users\gunsct\desktop\project\graphics\ybh_engine\ybh_engine\debug\link.4380.read.2.tlog
c:\users\gunsct\desktop\project\graphics\ybh_engine\ybh_engine\debug\link.4380.write.1.tlog
c:\users\gunsct\desktop\project\graphics\ybh_engine\ybh_engine\debug\link.4472-cvtres.read.1.tlog
c:\users\gunsct\desktop\project\graphics\ybh_engine\ybh_engine\debug\link.4472-cvtres.write.1.tlog
c:\users\gunsct\desktop\project\graphics\ybh_engine\ybh_engine\debug\link.4472-rc.read.1.tlog
c:\users\gunsct\desktop\project\graphics\ybh_engine\ybh_engine\debug\link.4472-rc.write.1.tlog
c:\users\gunsct\desktop\project\graphics\ybh_engine\ybh_engine\debug\link.4472.read.1.tlog
c:\users\gunsct\desktop\project\graphics\ybh_engine\ybh_engine\debug\link.4472.read.2.tlog
c:\users\gunsct\desktop\project\graphics\ybh_engine\ybh_engine\debug\link.4472.write.1.tlog
c:\users\gunsct\desktop\project\graphics\ybh_engine\ybh_engine\debug\link.4568-cvtres.read.1.tlog
c:\users\gunsct\desktop\project\graphics\ybh_engine\ybh_engine\debug\link.4568-cvtres.write.1.tlog
c:\users\gunsct\desktop\project\graphics\ybh_engine\ybh_engine\debug\link.4568-rc.read.1.tlog
c:\users\gunsct\desktop\project\graphics\ybh_engine\ybh_engine\debug\link.4568-rc.write.1.tlog
c:\users\gunsct\desktop\project\graphics\ybh_engine\ybh_engine\debug\link.4568.read.1.tlog
c:\users\gunsct\desktop\project\graphics\ybh_engine\ybh_engine\debug\link.4568.read.2.tlog
c:\users\gunsct\desktop\project\graphics\ybh_engine\ybh_engine\debug\link.4568.write.1.tlog
c:\users\gunsct\desktop\project\graphics\ybh_engine\ybh_engine\debug\link.460-cvtres.read.1.tlog
c:\users\gunsct\desktop\project\graphics\ybh_engine\ybh_engine\debug\link.460-cvtres.write.1.tlog
c:\users\gunsct\desktop\project\graphics\ybh_engine\ybh_engine\debug\link.460-rc.read.1.tlog
c:\users\gunsct\desktop\project\graphics\ybh_engine\ybh_engine\debug\link.460-rc.write.1.tlog
c:\users\gunsct\desktop\project\graphics\ybh_engine\ybh_engine\debug\link.460.read.1.tlog
c:\users\gunsct\desktop\project\graphics\ybh_engine\ybh_engine\debug\link.460.read.2.tlog
c:\users\gunsct\desktop\project\graphics\ybh_engine\ybh_engine\debug\link.460.write.1.tlog
c:\users\gunsct\desktop\project\graphics\ybh_engine\ybh_engine\debug\link.4632-cvtres.read.1.tlog
c:\users\gunsct\desktop\project\graphics\ybh_engine\ybh_engine\debug\link.4632-cvtres.write.1.tlog
c:\users\gunsct\desktop\project\graphics\ybh_engine\ybh_engine\debug\link.4632-rc.read.1.tlog
c:\users\gunsct\desktop\project\graphics\ybh_engine\ybh_engine\debug\link.4632-rc.write.1.tlog
c:\users\gunsct\desktop\project\graphics\ybh_engine\ybh_engine\debug\link.4632.read.1.tlog
c:\users\gunsct\desktop\project\graphics\ybh_engine\ybh_engine\debug\link.4632.read.2.tlog
c:\users\gunsct\desktop\project\graphics\ybh_engine\ybh_engine\debug\link.4632.write.1.tlog
c:\users\gunsct\desktop\project\graphics\ybh_engine\ybh_engine\debug\link.4724-cvtres.read.1.tlog
c:\users\gunsct\desktop\project\graphics\ybh_engine\ybh_engine\debug\link.4724-cvtres.write.1.tlog
c:\users\gunsct\desktop\project\graphics\ybh_engine\ybh_engine\debug\link.4724-rc.read.1.tlog
c:\users\gunsct\desktop\project\graphics\ybh_engine\ybh_engine\debug\link.4724-rc.write.1.tlog
c:\users\gunsct\desktop\project\graphics\ybh_engine\ybh_engine\debug\link.4724.read.1.tlog
c:\users\gunsct\desktop\project\graphics\ybh_engine\ybh_engine\debug\link.4724.read.2.tlog
c:\users\gunsct\desktop\project\graphics\ybh_engine\ybh_engine\debug\link.4724.write.1.tlog
c:\users\gunsct\desktop\project\graphics\ybh_engine\ybh_engine\debug\link.4732-cvtres.read.1.tlog
c:\users\gunsct\desktop\project\graphics\ybh_engine\ybh_engine\debug\link.4732-cvtres.write.1.tlog
c:\users\gunsct\desktop\project\graphics\ybh_engine\ybh_engine\debug\link.4732-rc.read.1.tlog
c:\users\gunsct\desktop\project\graphics\ybh_engine\ybh_engine\debug\link.4732-rc.write.1.tlog
c:\users\gunsct\desktop\project\graphics\ybh_engine\ybh_engine\debug\link.4732.read.1.tlog
c:\users\gunsct\desktop\project\graphics\ybh_engine\ybh_engine\debug\link.4732.write.1.tlog
c:\users\gunsct\desktop\project\graphics\ybh_engine\ybh_engine\debug\link.4760-cvtres.read.1.tlog
c:\users\gunsct\desktop\project\graphics\ybh_engine\ybh_engine\debug\link.4760-cvtres.write.1.tlog
c:\users\gunsct\desktop\project\graphics\ybh_engine\ybh_engine\debug\link.4760-rc.read.1.tlog
c:\users\gunsct\desktop\project\graphics\ybh_engine\ybh_engine\debug\link.4760-rc.write.1.tlog
c:\users\gunsct\desktop\project\graphics\ybh_engine\ybh_engine\debug\link.4760.read.1.tlog
c:\users\gunsct\desktop\project\graphics\ybh_engine\ybh_engine\debug\link.4760.write.1.tlog
c:\users\gunsct\desktop\project\graphics\ybh_engine\ybh_engine\debug\link.4880-cvtres.read.1.tlog
c:\users\gunsct\desktop\project\graphics\ybh_engine\ybh_engine\debug\link.4880-cvtres.write.1.tlog
c:\users\gunsct\desktop\project\graphics\ybh_engine\ybh_engine\debug\link.4880-rc.read.1.tlog
c:\users\gunsct\desktop\project\graphics\ybh_engine\ybh_engine\debug\link.4880-rc.write.1.tlog
c:\users\gunsct\desktop\project\graphics\ybh_engine\ybh_engine\debug\link.4880.read.1.tlog
c:\users\gunsct\desktop\project\graphics\ybh_engine\ybh_engine\debug\link.4880.read.2.tlog
c:\users\gunsct\desktop\project\graphics\ybh_engine\ybh_engine\debug\link.4880.write.1.tlog
c:\users\gunsct\desktop\project\graphics\ybh_engine\ybh_engine\debug\link.4888-cvtres.read.1.tlog
c:\users\gunsct\desktop\project\graphics\ybh_engine\ybh_engine\debug\link.4888-cvtres.write.1.tlog
c:\users\gunsct\desktop\project\graphics\ybh_engine\ybh_engine\debug\link.4888-rc.read.1.tlog
c:\users\gunsct\desktop\project\graphics\ybh_engine\ybh_engine\debug\link.4888-rc.write.1.tlog
c:\users\gunsct\desktop\project\graphics\ybh_engine\ybh_engine\debug\link.4888.read.1.tlog
c:\users\gunsct\desktop\project\graphics\ybh_engine\ybh_engine\debug\link.4888.read.2.tlog
c:\users\gunsct\desktop\project\graphics\ybh_engine\ybh_engine\debug\link.4888.write.1.tlog
c:\users\gunsct\desktop\project\graphics\ybh_engine\ybh_engine\debug\link.4912-cvtres.read.1.tlog
c:\users\gunsct\desktop\project\graphics\ybh_engine\ybh_engine\debug\link.4912-cvtres.write.1.tlog
c:\users\gunsct\desktop\project\graphics\ybh_engine\ybh_engine\debug\link.4912-rc.read.1.tlog
c:\users\gunsct\desktop\project\graphics\ybh_engine\ybh_engine\debug\link.4912-rc.write.1.tlog
c:\users\gunsct\desktop\project\graphics\ybh_engine\ybh_engine\debug\link.4912.read.1.tlog
c:\users\gunsct\desktop\project\graphics\ybh_engine\ybh_engine\debug\link.4912.read.2.tlog
c:\users\gunsct\desktop\project\graphics\ybh_engine\ybh_engine\debug\link.4912.write.1.tlog
c:\users\gunsct\desktop\project\graphics\ybh_engine\ybh_engine\debug\link.5024-cvtres.read.1.tlog
c:\users\gunsct\desktop\project\graphics\ybh_engine\ybh_engine\debug\link.5024-cvtres.write.1.tlog
c:\users\gunsct\desktop\project\graphics\ybh_engine\ybh_engine\debug\link.5024-rc.read.1.tlog
c:\users\gunsct\desktop\project\graphics\ybh_engine\ybh_engine\debug\link.5024-rc.write.1.tlog
c:\users\gunsct\desktop\project\graphics\ybh_engine\ybh_engine\debug\link.5024.read.1.tlog
c:\users\gunsct\desktop\project\graphics\ybh_engine\ybh_engine\debug\link.5024.read.2.tlog
c:\users\gunsct\desktop\project\graphics\ybh_engine\ybh_engine\debug\link.5024.write.1.tlog
c:\users\gunsct\desktop\project\graphics\ybh_engine\ybh_engine\debug\link.5028-cvtres.read.1.tlog
c:\users\gunsct\desktop\project\graphics\ybh_engine\ybh_engine\debug\link.5028-cvtres.write.1.tlog
c:\users\gunsct\desktop\project\graphics\ybh_engine\ybh_engine\debug\link.5028-rc.read.1.tlog
c:\users\gunsct\desktop\project\graphics\ybh_engine\ybh_engine\debug\link.5028-rc.write.1.tlog
c:\users\gunsct\desktop\project\graphics\ybh_engine\ybh_engine\debug\link.5028.read.1.tlog
c:\users\gunsct\desktop\project\graphics\ybh_engine\ybh_engine\debug\link.5028.write.1.tlog
c:\users\gunsct\desktop\project\graphics\ybh_engine\ybh_engine\debug\link.5100-cvtres.read.1.tlog
c:\users\gunsct\desktop\project\graphics\ybh_engine\ybh_engine\debug\link.5100-cvtres.write.1.tlog
c:\users\gunsct\desktop\project\graphics\ybh_engine\ybh_engine\debug\link.5100-rc.read.1.tlog
c:\users\gunsct\desktop\project\graphics\ybh_engine\ybh_engine\debug\link.5100-rc.write.1.tlog
c:\users\gunsct\desktop\project\graphics\ybh_engine\ybh_engine\debug\link.5100.read.1.tlog
c:\users\gunsct\desktop\project\graphics\ybh_engine\ybh_engine\debug\link.5100.write.1.tlog
c:\users\gunsct\desktop\project\graphics\ybh_engine\ybh_engine\debug\link.5132-cvtres.read.1.tlog
c:\users\gunsct\desktop\project\graphics\ybh_engine\ybh_engine\debug\link.5132-cvtres.write.1.tlog
c:\users\gunsct\desktop\project\graphics\ybh_engine\ybh_engine\debug\link.5132-rc.read.1.tlog
c:\users\gunsct\desktop\project\graphics\ybh_engine\ybh_engine\debug\link.5132-rc.write.1.tlog
c:\users\gunsct\desktop\project\graphics\ybh_engine\ybh_engine\debug\link.5132.read.1.tlog
c:\users\gunsct\desktop\project\graphics\ybh_engine\ybh_engine\debug\link.5132.write.1.tlog
c:\users\gunsct\desktop\project\graphics\ybh_engine\ybh_engine\debug\link.5200-cvtres.read.1.tlog
c:\users\gunsct\desktop\project\graphics\ybh_engine\ybh_engine\debug\link.5200-cvtres.write.1.tlog
c:\users\gunsct\desktop\project\graphics\ybh_engine\ybh_engine\debug\link.5200-rc.read.1.tlog
c:\users\gunsct\desktop\project\graphics\ybh_engine\ybh_engine\debug\link.5200-rc.write.1.tlog
c:\users\gunsct\desktop\project\graphics\ybh_engine\ybh_engine\debug\link.5200.read.1.tlog
c:\users\gunsct\desktop\project\graphics\ybh_engine\ybh_engine\debug\link.5200.write.1.tlog
c:\users\gunsct\desktop\project\graphics\ybh_engine\ybh_engine\debug\link.5212-cvtres.read.1.tlog
c:\users\gunsct\desktop\project\graphics\ybh_engine\ybh_engine\debug\link.5212-cvtres.write.1.tlog
c:\users\gunsct\desktop\project\graphics\ybh_engine\ybh_engine\debug\link.5212-rc.read.1.tlog
c:\users\gunsct\desktop\project\graphics\ybh_engine\ybh_engine\debug\link.5212-rc.write.1.tlog
c:\users\gunsct\desktop\project\graphics\ybh_engine\ybh_engine\debug\link.5212.read.1.tlog
c:\users\gunsct\desktop\project\graphics\ybh_engine\ybh_engine\debug\link.5212.write.1.tlog
c:\users\gunsct\desktop\project\graphics\ybh_engine\ybh_engine\debug\link.532-cvtres.read.1.tlog
c:\users\gunsct\desktop\project\graphics\ybh_engine\ybh_engine\debug\link.532-cvtres.write.1.tlog
c:\users\gunsct\desktop\project\graphics\ybh_engine\ybh_engine\debug\link.532-rc.read.1.tlog
c:\users\gunsct\desktop\project\graphics\ybh_engine\ybh_engine\debug\link.532-rc.write.1.tlog
c:\users\gunsct\desktop\project\graphics\ybh_engine\ybh_engine\debug\link.532.read.1.tlog
c:\users\gunsct\desktop\project\graphics\ybh_engine\ybh_engine\debug\link.532.read.2.tlog
c:\users\gunsct\desktop\project\graphics\ybh_engine\ybh_engine\debug\link.532.write.1.tlog
c:\users\gunsct\desktop\project\graphics\ybh_engine\ybh_engine\debug\link.5340-cvtres.read.1.tlog
c:\users\gunsct\desktop\project\graphics\ybh_engine\ybh_engine\debug\link.5340-cvtres.write.1.tlog
c:\users\gunsct\desktop\project\graphics\ybh_engine\ybh_engine\debug\link.5340-rc.read.1.tlog
c:\users\gunsct\desktop\project\graphics\ybh_engine\ybh_engine\debug\link.5340-rc.write.1.tlog
c:\users\gunsct\desktop\project\graphics\ybh_engine\ybh_engine\debug\link.5340.read.1.tlog
c:\users\gunsct\desktop\project\graphics\ybh_engine\ybh_engine\debug\link.5340.read.2.tlog
c:\users\gunsct\desktop\project\graphics\ybh_engine\ybh_engine\debug\link.5340.write.1.tlog
c:\users\gunsct\desktop\project\graphics\ybh_engine\ybh_engine\debug\link.5472-cvtres.read.1.tlog
c:\users\gunsct\desktop\project\graphics\ybh_engine\ybh_engine\debug\link.5472-cvtres.write.1.tlog
c:\users\gunsct\desktop\project\graphics\ybh_engine\ybh_engine\debug\link.5472-rc.read.1.tlog
c:\users\gunsct\desktop\project\graphics\ybh_engine\ybh_engine\debug\link.5472-rc.write.1.tlog
c:\users\gunsct\desktop\project\graphics\ybh_engine\ybh_engine\debug\link.5472.read.1.tlog
c:\users\gunsct\desktop\project\graphics\ybh_engine\ybh_engine\debug\link.5472.read.2.tlog
c:\users\gunsct\desktop\project\graphics\ybh_engine\ybh_engine\debug\link.5472.write.1.tlog
c:\users\gunsct\desktop\project\graphics\ybh_engine\ybh_engine\debug\link.5624-cvtres.read.1.tlog
c:\users\gunsct\desktop\project\graphics\ybh_engine\ybh_engine\debug\link.5624-cvtres.write.1.tlog
c:\users\gunsct\desktop\project\graphics\ybh_engine\ybh_engine\debug\link.5624-rc.read.1.tlog
c:\users\gunsct\desktop\project\graphics\ybh_engine\ybh_engine\debug\link.5624-rc.write.1.tlog
c:\users\gunsct\desktop\project\graphics\ybh_engine\ybh_engine\debug\link.5624.read.1.tlog
c:\users\gunsct\desktop\project\graphics\ybh_engine\ybh_engine\debug\link.5624.write.1.tlog
c:\users\gunsct\desktop\project\graphics\ybh_engine\ybh_engine\debug\link.5740-cvtres.read.1.tlog
c:\users\gunsct\desktop\project\graphics\ybh_engine\ybh_engine\debug\link.5740-cvtres.write.1.tlog
c:\users\gunsct\desktop\project\graphics\ybh_engine\ybh_engine\debug\link.5740-rc.read.1.tlog
c:\users\gunsct\desktop\project\graphics\ybh_engine\ybh_engine\debug\link.5740-rc.write.1.tlog
c:\users\gunsct\desktop\project\graphics\ybh_engine\ybh_engine\debug\link.5740.read.1.tlog
c:\users\gunsct\desktop\project\graphics\ybh_engine\ybh_engine\debug\link.5740.write.1.tlog
c:\users\gunsct\desktop\project\graphics\ybh_engine\ybh_engine\debug\link.5760-cvtres.read.1.tlog
c:\users\gunsct\desktop\project\graphics\ybh_engine\ybh_engine\debug\link.5760-cvtres.write.1.tlog
c:\users\gunsct\desktop\project\graphics\ybh_engine\ybh_engine\debug\link.5760-rc.read.1.tlog
c:\users\gunsct\desktop\project\graphics\ybh_engine\ybh_engine\debug\link.5760-rc.write.1.tlog
c:\users\gunsct\desktop\project\graphics\ybh_engine\ybh_engine\debug\link.5760.read.1.tlog
c:\users\gunsct\desktop\project\graphics\ybh_engine\ybh_engine\debug\link.5760.write.1.tlog
c:\users\gunsct\desktop\project\graphics\ybh_engine\ybh_engine\debug\link.5780-cvtres.read.1.tlog
c:\users\gunsct\desktop\project\graphics\ybh_engine\ybh_engine\debug\link.5780-cvtres.write.1.tlog
c:\users\gunsct\desktop\project\graphics\ybh_engine\ybh_engine\debug\link.5780-rc.read.1.tlog
c:\users\gunsct\desktop\project\graphics\ybh_engine\ybh_engine\debug\link.5780-rc.write.1.tlog
c:\users\gunsct\desktop\project\graphics\ybh_engine\ybh_engine\debug\link.5780.read.1.tlog
c:\users\gunsct\desktop\project\graphics\ybh_engine\ybh_engine\debug\link.5780.write.1.tlog
c:\users\gunsct\desktop\project\graphics\ybh_engine\ybh_engine\debug\link.5944-cvtres.read.1.tlog
c:\users\gunsct\desktop\project\graphics\ybh_engine\ybh_engine\debug\link.5944-cvtres.write.1.tlog
c:\users\gunsct\desktop\project\graphics\ybh_engine\ybh_engine\debug\link.5944-rc.read.1.tlog
c:\users\gunsct\desktop\project\graphics\ybh_engine\ybh_engine\debug\link.5944-rc.write.1.tlog
c:\users\gunsct\desktop\project\graphics\ybh_engine\ybh_engine\debug\link.5944.read.1.tlog
c:\users\gunsct\desktop\project\graphics\ybh_engine\ybh_engine\debug\link.5944.write.1.tlog
c:\users\gunsct\desktop\project\graphics\ybh_engine\ybh_engine\debug\link.6012-cvtres.read.1.tlog
c:\users\gunsct\desktop\project\graphics\ybh_engine\ybh_engine\debug\link.6012-cvtres.write.1.tlog
c:\users\gunsct\desktop\project\graphics\ybh_engine\ybh_engine\debug\link.6012-rc.read.1.tlog
c:\users\gunsct\desktop\project\graphics\ybh_engine\ybh_engine\debug\link.6012-rc.write.1.tlog
c:\users\gunsct\desktop\project\graphics\ybh_engine\ybh_engine\debug\link.6012.read.1.tlog
c:\users\gunsct\desktop\project\graphics\ybh_engine\ybh_engine\debug\link.6012.read.2.tlog
c:\users\gunsct\desktop\project\graphics\ybh_engine\ybh_engine\debug\link.6012.write.1.tlog
c:\users\gunsct\desktop\project\graphics\ybh_engine\ybh_engine\debug\link.6084-cvtres.read.1.tlog
c:\users\gunsct\desktop\project\graphics\ybh_engine\ybh_engine\debug\link.6084-cvtres.write.1.tlog
c:\users\gunsct\desktop\project\graphics\ybh_engine\ybh_engine\debug\link.6084-rc.read.1.tlog
c:\users\gunsct\desktop\project\graphics\ybh_engine\ybh_engine\debug\link.6084-rc.write.1.tlog
c:\users\gunsct\desktop\project\graphics\ybh_engine\ybh_engine\debug\link.6084.read.1.tlog
c:\users\gunsct\desktop\project\graphics\ybh_engine\ybh_engine\debug\link.6084.write.1.tlog
c:\users\gunsct\desktop\project\graphics\ybh_engine\ybh_engine\debug\link.6124-cvtres.read.1.tlog
c:\users\gunsct\desktop\project\graphics\ybh_engine\ybh_engine\debug\link.6124-cvtres.write.1.tlog
c:\users\gunsct\desktop\project\graphics\ybh_engine\ybh_engine\debug\link.6124-rc.read.1.tlog
c:\users\gunsct\desktop\project\graphics\ybh_engine\ybh_engine\debug\link.6124-rc.write.1.tlog
c:\users\gunsct\desktop\project\graphics\ybh_engine\ybh_engine\debug\link.6124.read.1.tlog
c:\users\gunsct\desktop\project\graphics\ybh_engine\ybh_engine\debug\link.6124.write.1.tlog
c:\users\gunsct\desktop\project\graphics\ybh_engine\ybh_engine\debug\link.884-cvtres.read.1.tlog
c:\users\gunsct\desktop\project\graphics\ybh_engine\ybh_engine\debug\link.884-cvtres.write.1.tlog
c:\users\gunsct\desktop\project\graphics\ybh_engine\ybh_engine\debug\link.884-rc.read.1.tlog
c:\users\gunsct\desktop\project\graphics\ybh_engine\ybh_engine\debug\link.884-rc.write.1.tlog
c:\users\gunsct\desktop\project\graphics\ybh_engine\ybh_engine\debug\link.884.read.1.tlog
c:\users\gunsct\desktop\project\graphics\ybh_engine\ybh_engine\debug\link.884.write.1.tlog
c:\users\gunsct\desktop\project\graphics\ybh_engine\ybh_engine\debug\link.command.1.tlog
c:\users\gunsct\desktop\project\graphics\ybh_engine\ybh_engine\debug\link.read.1.tlog
c:\users\gunsct\desktop\project\graphics\ybh_engine\ybh_engine\debug\link.read.2.tlog
c:\users\gunsct\desktop\project\graphics\ybh_engine\ybh_engine\debug\link.write.1.tlog
c:\users\gunsct\desktop\project\graphics\ybh_engine\ybh_engine\debug\vc110.idb
c:\users\gunsct\desktop\project\graphics\ybh_engine\ybh_engine\debug\ybh_engine.pdb
